2015-02-02 09:55:54.278 DEBUG [CoreCache.java:43] - begain load actions and parsers
2015-02-02 09:55:57.040 DEBUG [CoreCache.java:88] - Load Action : Test
2015-02-02 09:55:57.103 DEBUG [CoreCache.java:71] - Load Command : DownloadFile
2015-02-02 09:55:57.103 DEBUG [CoreCache.java:71] - Load Command : Test
2015-02-02 09:55:57.135 DEBUG [CoreCache.java:103] - load Request : MESSAGER
2015-02-02 09:55:57.135 DEBUG [CoreCache.java:103] - load Request : TEST
2015-02-02 09:55:57.166 DEBUG [CoreCache.java:103] - load Response : MESSAGER
2015-02-02 09:55:57.166 DEBUG [CoreCache.java:103] - load Response : TEST
2015-02-02 09:55:57.291 DEBUG [ProtobufClient.java:44] - connect over!
2015-02-02 09:57:19.145 DEBUG [CoreCache.java:43] - begain load actions and parsers
2015-02-02 09:57:21.907 DEBUG [CoreCache.java:88] - Load Action : Test
2015-02-02 09:57:21.970 DEBUG [CoreCache.java:71] - Load Command : DownloadFile
2015-02-02 09:57:21.970 DEBUG [CoreCache.java:71] - Load Command : Test
2015-02-02 09:57:22.001 DEBUG [CoreCache.java:103] - load Request : MESSAGER
2015-02-02 09:57:22.017 DEBUG [CoreCache.java:103] - load Request : TEST
2015-02-02 09:57:22.033 DEBUG [CoreCache.java:103] - load Response : MESSAGER
2015-02-02 09:57:22.033 DEBUG [CoreCache.java:103] - load Response : TEST
2015-02-02 09:57:22.048 DEBUG [ProtobufClient.java:44] - connect over!
2015-02-02 09:58:11.564 DEBUG [CoreCache.java:43] - begain load actions and parsers
2015-02-02 09:58:14.310 DEBUG [CoreCache.java:88] - Load Action : Test
2015-02-02 09:58:14.389 DEBUG [CoreCache.java:71] - Load Command : DownloadFile
2015-02-02 09:58:14.389 DEBUG [CoreCache.java:71] - Load Command : Test
2015-02-02 09:58:14.420 DEBUG [CoreCache.java:103] - load Request : MESSAGER
2015-02-02 09:58:14.420 DEBUG [CoreCache.java:103] - load Request : TEST
2015-02-02 09:58:14.452 DEBUG [CoreCache.java:103] - load Response : MESSAGER
2015-02-02 09:58:14.452 DEBUG [CoreCache.java:103] - load Response : TEST
2015-02-02 09:58:14.452 DEBUG [ProtobufClient.java:44] - connect over!
2015-02-02 09:58:14.639  INFO [ProtobufServer.java:85] - server started at 9898
2015-02-02 09:58:15.715  INFO [ProtobufClient.java:90] - 127.0.0.1:8080 shutdownGracefully
2015-02-02 09:59:45.534 DEBUG [CoreCache.java:43] - begain load actions and parsers
2015-02-02 09:59:48.312 DEBUG [CoreCache.java:88] - Load Action : Test
2015-02-02 09:59:48.357 DEBUG [CoreCache.java:71] - Load Command : DownloadFile
2015-02-02 09:59:48.358 DEBUG [CoreCache.java:71] - Load Command : Test
2015-02-02 09:59:48.405 DEBUG [CoreCache.java:103] - load Request : MESSAGER
2015-02-02 09:59:48.420 DEBUG [CoreCache.java:103] - load Request : TEST
2015-02-02 09:59:48.436 DEBUG [CoreCache.java:103] - load Response : MESSAGER
2015-02-02 09:59:48.436 DEBUG [CoreCache.java:103] - load Response : TEST
2015-02-02 09:59:48.452 DEBUG [ProtobufClient.java:44] - connect over!
2015-02-02 09:59:48.514  INFO [ProtobufServer.java:85] - server started at 9898
2015-02-02 09:59:49.060 DEBUG [ProtobufClientHandler.java:29] - Client : channelActive
2015-02-02 09:59:49.060 DEBUG [ProtobufClient.java:80] - start connect 127.0.0.1:9898
2015-02-02 09:59:49.060 DEBUG [ProtobufServerHandler.java:62] - Server : addSession :/127.0.0.1:51266
2015-02-02 10:06:03.533 DEBUG [CoreCache.java:43] - begain load actions and parsers
2015-02-02 10:06:06.295 DEBUG [CoreCache.java:88] - Load Action : Test
2015-02-02 10:06:06.374 DEBUG [CoreCache.java:71] - Load Command : DownloadFile
2015-02-02 10:06:06.374 DEBUG [CoreCache.java:71] - Load Command : Test
2015-02-02 10:06:06.390 DEBUG [CoreCache.java:103] - load Request : MESSAGER
2015-02-02 10:06:06.405 DEBUG [CoreCache.java:103] - load Request : TEST
2015-02-02 10:06:06.421 DEBUG [CoreCache.java:103] - load Response : MESSAGER
2015-02-02 10:06:06.421 DEBUG [CoreCache.java:103] - load Response : TEST
2015-02-02 10:06:06.436 DEBUG [ProtobufClient.java:44] - connect over!
2015-02-02 10:06:06.499  INFO [ProtobufServer.java:85] - server started at 9898
2015-02-02 10:06:07.060 DEBUG [ProtobufClientHandler.java:29] - Client : channelActive
2015-02-02 10:06:07.060 DEBUG [ProtobufClient.java:80] - start connect 127.0.0.1:9898
2015-02-02 10:06:07.060 DEBUG [ProtobufServerHandler.java:62] - Server : addSession :/127.0.0.1:51427
2015-02-02 10:07:22.391 DEBUG [CoreCache.java:43] - begain load actions and parsers
2015-02-02 10:07:25.138 DEBUG [CoreCache.java:88] - Load Action : Test
2015-02-02 10:07:25.217 DEBUG [CoreCache.java:71] - Load Command : DownloadFile
2015-02-02 10:07:25.217 DEBUG [CoreCache.java:71] - Load Command : Test
2015-02-02 10:07:25.264 DEBUG [CoreCache.java:103] - load Request : MESSAGER
2015-02-02 10:07:25.264 DEBUG [CoreCache.java:103] - load Request : TEST
2015-02-02 10:07:25.295 DEBUG [CoreCache.java:103] - load Response : MESSAGER
2015-02-02 10:07:25.295 DEBUG [CoreCache.java:103] - load Response : TEST
2015-02-02 10:07:25.295 DEBUG [ProtobufClient.java:44] - connect over!
2015-02-02 10:07:25.357  INFO [ProtobufServer.java:85] - server started at 9898
2015-02-02 10:07:25.919 DEBUG [ProtobufClientHandler.java:29] - Client : channelActive
2015-02-02 10:07:25.919 DEBUG [ProtobufClient.java:80] - start connect 127.0.0.1:9898
2015-02-02 10:07:25.919 DEBUG [ProtobufServerHandler.java:62] - Server : addSession :/127.0.0.1:51530
2015-02-02 10:08:19.498 DEBUG [CoreCache.java:43] - begain load actions and parsers
2015-02-02 10:08:22.276 DEBUG [CoreCache.java:88] - Load Action : Test
2015-02-02 10:08:22.346 DEBUG [CoreCache.java:71] - Load Command : DownloadFile
2015-02-02 10:08:22.346 DEBUG [CoreCache.java:71] - Load Command : Test
2015-02-02 10:08:22.378 DEBUG [CoreCache.java:103] - load Request : MESSAGER
2015-02-02 10:08:22.378 DEBUG [CoreCache.java:103] - load Request : TEST
2015-02-02 10:08:22.409 DEBUG [CoreCache.java:103] - load Response : MESSAGER
2015-02-02 10:08:22.409 DEBUG [CoreCache.java:103] - load Response : TEST
2015-02-02 10:08:22.409 DEBUG [ProtobufClient.java:44] - connect over!
2015-02-02 10:08:22.471  INFO [ProtobufServer.java:85] - server started at 9898
2015-02-02 10:08:23.033 DEBUG [ProtobufClientHandler.java:29] - Client : channelActive
2015-02-02 10:08:23.033 DEBUG [ProtobufClient.java:80] - start connect 127.0.0.1:9898
2015-02-02 10:08:23.033 DEBUG [ProtobufServerHandler.java:62] - Server : addSession :/127.0.0.1:51643
2015-02-02 10:09:37.601 DEBUG [CoreCache.java:43] - begain load actions and parsers
2015-02-02 10:09:40.379 DEBUG [CoreCache.java:88] - Load Action : Test
2015-02-02 10:09:40.458 DEBUG [CoreCache.java:71] - Load Command : DownloadFile
2015-02-02 10:09:40.458 DEBUG [CoreCache.java:71] - Load Command : Test
2015-02-02 10:09:40.489 DEBUG [CoreCache.java:103] - load Request : MESSAGER
2015-02-02 10:09:40.489 DEBUG [CoreCache.java:103] - load Request : TEST
2015-02-02 10:09:40.521 DEBUG [CoreCache.java:103] - load Response : MESSAGER
2015-02-02 10:09:40.521 DEBUG [CoreCache.java:103] - load Response : TEST
2015-02-02 10:09:40.521 DEBUG [ProtobufClient.java:44] - connect over!
2015-02-02 10:09:40.599  INFO [ProtobufServer.java:85] - server started at 9898
2015-02-02 10:09:41.144 DEBUG [ProtobufClientHandler.java:29] - Client : channelActive
2015-02-02 10:09:41.144 DEBUG [ProtobufClient.java:80] - start connect 127.0.0.1:9898
2015-02-02 10:09:41.144 DEBUG [ProtobufServerHandler.java:62] - Server : addSession :/127.0.0.1:51748
2015-02-02 10:10:07.712 DEBUG [CoreCache.java:43] - begain load actions and parsers
2015-02-02 10:10:10.490 DEBUG [CoreCache.java:88] - Load Action : Test
2015-02-02 10:10:10.569 DEBUG [CoreCache.java:71] - Load Command : DownloadFile
2015-02-02 10:10:10.569 DEBUG [CoreCache.java:71] - Load Command : Test
2015-02-02 10:10:10.600 DEBUG [CoreCache.java:103] - load Request : MESSAGER
2015-02-02 10:10:10.616 DEBUG [CoreCache.java:103] - load Request : TEST
2015-02-02 10:10:10.631 DEBUG [CoreCache.java:103] - load Response : MESSAGER
2015-02-02 10:10:10.631 DEBUG [CoreCache.java:103] - load Response : TEST
2015-02-02 10:10:10.647 DEBUG [ProtobufClient.java:44] - connect over!
2015-02-02 10:10:10.725  INFO [ProtobufServer.java:85] - server started at 9898
2015-02-02 10:10:11.271 DEBUG [ProtobufClientHandler.java:29] - Client : channelActive
2015-02-02 10:10:11.271 DEBUG [ProtobufClient.java:80] - start connect 127.0.0.1:9898
2015-02-02 10:10:11.287 DEBUG [ProtobufServerHandler.java:62] - Server : addSession :/127.0.0.1:51845
2015-02-02 10:10:54.016 DEBUG [CoreCache.java:43] - begain load actions and parsers
2015-02-02 10:10:56.793 DEBUG [CoreCache.java:88] - Load Action : Test
2015-02-02 10:10:56.872 DEBUG [CoreCache.java:71] - Load Command : DownloadFile
2015-02-02 10:10:56.872 DEBUG [CoreCache.java:71] - Load Command : Test
2015-02-02 10:10:56.904 DEBUG [CoreCache.java:103] - load Request : MESSAGER
2015-02-02 10:10:56.904 DEBUG [CoreCache.java:103] - load Request : TEST
2015-02-02 10:10:56.935 DEBUG [CoreCache.java:103] - load Response : MESSAGER
2015-02-02 10:10:56.935 DEBUG [CoreCache.java:103] - load Response : TEST
2015-02-02 10:10:56.935 DEBUG [ProtobufClient.java:44] - connect over!
2015-02-02 10:10:57.013  INFO [ProtobufServer.java:85] - server started at 9898
2015-02-02 10:10:57.574 DEBUG [ProtobufClientHandler.java:29] - Client : channelActive
2015-02-02 10:10:57.574 DEBUG [ProtobufClient.java:80] - start connect 127.0.0.1:9898
2015-02-02 10:10:57.590 DEBUG [ProtobufServerHandler.java:62] - Server : addSession :/127.0.0.1:51948
